# JRE version: OpenJDK Runtime Environment Microsoft-8035246 (17.0.8+7) (build 17.0.8+7-LTS)
# Java VM: OpenJDK 64-Bit Server VM Microsoft-8035246 (17.0.8+7-LTS, mixed mode, sharing, tiered, compressed oops, compressed class ptrs, g1 gc, windows-amd64)
GC Precious Log:
 CPUs: 8 total, 8 available
 Memory: 16270M
 Large Page Support: Disabled
 NUMA Support: Disabled
 Compressed Oops: Enabled (32-bit)
 Heap Region Size: 1M
 Heap Min Capacity: 8M
 Heap Initial Capacity: 256M
 Heap Max Capacity: 2G
 Pre-touch: Disabled
 Parallel Workers: 8
 Concurrent Workers: 2
 Concurrent Refinement Workers: 8
 Periodic GC: Disabled
Heap:
 garbage-first heap   total 291840K, used 254029K [0x0000000080000000, 0x0000000100000000)
  region size 1024K, 22 young (22528K), 2 survivors (2048K)
 Metaspace       used 118070K, committed 119360K, reserved 557056K
  class space    used 16302K, committed 16896K, reserved 425984K
GC Heap History (20 events):
Event: 380.270 GC heap before
{Heap before GC invocations=55 (full 0):
 garbage-first heap   total 291840K, used 240260K [0x0000000080000000, 0x0000000100000000)
  region size 1024K, 47 young (48128K), 7 survivors (7168K)
 Metaspace       used 113788K, committed 114944K, reserved 557056K
  class space    used 15780K, committed 16320K, reserved 425984K
}
Event: 380.288 GC heap after
{Heap after GC invocations=56 (full 0):
 garbage-first heap   total 291840K, used 204120K [0x0000000080000000, 0x0000000100000000)
  region size 1024K, 4 young (4096K), 4 survivors (4096K)
 Metaspace       used 113788K, committed 114944K, reserved 557056K
  class space    used 15780K, committed 16320K, reserved 425984K
}
Event: 382.317 GC heap before
{Heap before GC invocations=56 (full 0):
 garbage-first heap   total 291840K, used 243032K [0x0000000080000000, 0x0000000100000000)
  region size 1024K, 42 young (43008K), 4 survivors (4096K)
 Metaspace       used 115660K, committed 116928K, reserved 557056K
  class space    used 16009K, committed 16640K, reserved 425984K
}
Event: 382.333 GC heap after
{Heap after GC invocations=57 (full 0):
 garbage-first heap   total 291840K, used 210315K [0x0000000080000000, 0x0000000100000000)
  region size 1024K, 6 young (6144K), 6 survivors (6144K)
 Metaspace       used 115660K, committed 116928K, reserved 557056K
  class space    used 16009K, committed 16640K, reserved 425984K
}
Event: 383.462 GC heap before
{Heap before GC invocations=57 (full 0):
 garbage-first heap   total 291840K, used 244107K [0x0000000080000000, 0x0000000100000000)
  region size 1024K, 39 young (39936K), 6 survivors (6144K)
 Metaspace       used 116277K, committed 117568K, reserved 557056K
  class space    used 16069K, committed 16640K, reserved 425984K
}
Event: 383.481 GC heap after
{Heap after GC invocations=58 (full 0):
 garbage-first heap   total 291840K, used 214782K [0x0000000080000000, 0x0000000100000000)
  region size 1024K, 5 young (5120K), 5 survivors (5120K)
 Metaspace       used 116277K, committed 117568K, reserved 557056K
  class space    used 16069K, committed 16640K, reserved 425984K
}
Event: 385.378 GC heap before
{Heap before GC invocations=58 (full 0):
 garbage-first heap   total 291840K, used 246526K [0x0000000080000000, 0x0000000100000000)
  region size 1024K, 36 young (36864K), 5 survivors (5120K)
 Metaspace       used 116422K, committed 117696K, reserved 557056K
  class space    used 16070K, committed 16640K, reserved 425984K
}
Event: 385.393 GC heap after
{Heap after GC invocations=59 (full 0):
 garbage-first heap   total 291840K, used 218313K [0x0000000080000000, 0x0000000100000000)
  region size 1024K, 4 young (4096K), 4 survivors (4096K)
 Metaspace       used 116422K, committed 117696K, reserved 557056K
  class space    used 16070K, committed 16640K, reserved 425984K
}
Event: 386.390 GC heap before
{Heap before GC invocations=59 (full 0):
 garbage-first heap   total 291840K, used 248009K [0x0000000080000000, 0x0000000100000000)
  region size 1024K, 33 young (33792K), 4 survivors (4096K)
 Metaspace       used 116536K, committed 117888K, reserved 557056K
  class space    used 16077K, committed 16704K, reserved 425984K
}
Event: 386.401 GC heap after
{Heap after GC invocations=60 (full 0):
 garbage-first heap   total 291840K, used 221021K [0x0000000080000000, 0x0000000100000000)
  region size 1024K, 4 young (4096K), 4 survivors (4096K)
 Metaspace       used 116536K, committed 117888K, reserved 557056K
  class space    used 16077K, committed 16704K, reserved 425984K
}
Event: 387.214 GC heap before
{Heap before GC invocations=60 (full 0):
 garbage-first heap   total 291840K, used 249693K [0x0000000080000000, 0x0000000100000000)
  region size 1024K, 32 young (32768K), 4 survivors (4096K)
 Metaspace       used 116818K, committed 118144K, reserved 557056K
  class space    used 16106K, committed 16704K, reserved 425984K
}
Event: 387.227 GC heap after
{Heap after GC invocations=61 (full 0):
 garbage-first heap   total 291840K, used 225036K [0x0000000080000000, 0x0000000100000000)
  region size 1024K, 4 young (4096K), 4 survivors (4096K)
 Metaspace       used 116818K, committed 118144K, reserved 557056K
  class space    used 16106K, committed 16704K, reserved 425984K
}
Event: 388.099 GC heap before
{Heap before GC invocations=61 (full 0):
 garbage-first heap   total 291840K, used 250636K [0x0000000080000000, 0x0000000100000000)
  region size 1024K, 30 young (30720K), 4 survivors (4096K)
 Metaspace       used 117554K, committed 118848K, reserved 557056K
  class space    used 16258K, committed 16896K, reserved 425984K
}
Event: 388.114 GC heap after
{Heap after GC invocations=62 (full 0):
 garbage-first heap   total 291840K, used 227300K [0x0000000080000000, 0x0000000100000000)
  region size 1024K, 2 young (2048K), 2 survivors (2048K)
 Metaspace       used 117554K, committed 118848K, reserved 557056K
  class space    used 16258K, committed 16896K, reserved 425984K
}
Event: 389.572 GC heap before
{Heap before GC invocations=62 (full 0):
 garbage-first heap   total 291840K, used 250852K [0x0000000080000000, 0x0000000100000000)
  region size 1024K, 26 young (26624K), 2 survivors (2048K)
 Metaspace       used 117766K, committed 119104K, reserved 557056K
  class space    used 16264K, committed 16896K, reserved 425984K
}
Event: 389.579 GC heap after
{Heap after GC invocations=63 (full 0):
 garbage-first heap   total 291840K, used 227839K [0x0000000080000000, 0x0000000100000000)
  region size 1024K, 3 young (3072K), 3 survivors (3072K)
 Metaspace       used 117766K, committed 119104K, reserved 557056K
  class space    used 16264K, committed 16896K, reserved 425984K
}
Event: 391.542 GC heap before
{Heap before GC invocations=63 (full 0):
 garbage-first heap   total 291840K, used 253439K [0x0000000080000000, 0x0000000100000000)
  region size 1024K, 28 young (28672K), 3 survivors (3072K)
 Metaspace       used 118013K, committed 119296K, reserved 557056K
  class space    used 16302K, committed 16896K, reserved 425984K
}
Event: 391.554 GC heap after
{Heap after GC invocations=64 (full 0):
 garbage-first heap   total 291840K, used 231479K [0x0000000080000000, 0x0000000100000000)
  region size 1024K, 4 young (4096K), 4 survivors (4096K)
 Metaspace       used 118013K, committed 119296K, reserved 557056K
  class space    used 16302K, committed 16896K, reserved 425984K
}
Event: 391.983 GC heap before
{Heap before GC invocations=64 (full 0):
 garbage-first heap   total 291840K, used 251959K [0x0000000080000000, 0x0000000100000000)
  region size 1024K, 25 young (25600K), 4 survivors (4096K)
 Metaspace       used 118067K, committed 119360K, reserved 557056K
  class space    used 16302K, committed 16896K, reserved 425984K
}
Event: 391.991 GC heap after
{Heap after GC invocations=65 (full 0):
 garbage-first heap   total 291840K, used 233332K [0x0000000080000000, 0x0000000100000000)
  region size 1024K, 2 young (2048K), 2 survivors (2048K)
 Metaspace       used 118067K, committed 119360K, reserved 557056K
  class space    used 16302K, committed 16896K, reserved 425984K
}

