# JRE version: OpenJDK Runtime Environment Microsoft-8035246 (17.0.8+7) (build 17.0.8+7-LTS)
# Java VM: OpenJDK 64-Bit Server VM Microsoft-8035246 (17.0.8+7-LTS, mixed mode, sharing, tiered, compressed oops, compressed class ptrs, g1 gc, windows-amd64)
GC Precious Log:
 CPUs: 8 total, 8 available
 Memory: 16270M
 Large Page Support: Disabled
 NUMA Support: Disabled
 Compressed Oops: Enabled (32-bit)
 Heap Region Size: 1M
 Heap Min Capacity: 8M
 Heap Initial Capacity: 256M
 Heap Max Capacity: 2G
 Pre-touch: Disabled
 Parallel Workers: 8
 Concurrent Workers: 2
 Concurrent Refinement Workers: 8
 Periodic GC: Disabled
Heap:
 garbage-first heap   total 409600K, used 263170K [0x0000000080000000, 0x0000000100000000)
  region size 1024K, 43 young (44032K), 7 survivors (7168K)
 Metaspace       used 109977K, committed 111296K, reserved 557056K
  class space    used 15349K, committed 15936K, reserved 425984K
GC Heap History (20 events):
Event: 218.690 GC heap before
{Heap before GC invocations=53 (full 0):
 garbage-first heap   total 342016K, used 252348K [0x0000000080000000, 0x0000000100000000)
  region size 1024K, 150 young (153600K), 2 survivors (2048K)
 Metaspace       used 93908K, committed 94848K, reserved 557056K
  class space    used 13128K, committed 13568K, reserved 425984K
}
Event: 218.713 GC heap after
{Heap after GC invocations=54 (full 0):
 garbage-first heap   total 342016K, used 121982K [0x0000000080000000, 0x0000000100000000)
  region size 1024K, 19 young (19456K), 19 survivors (19456K)
 Metaspace       used 93908K, committed 94848K, reserved 557056K
  class space    used 13128K, committed 13568K, reserved 425984K
}
Event: 218.761 GC heap before
{Heap before GC invocations=54 (full 0):
 garbage-first heap   total 342016K, used 123006K [0x0000000080000000, 0x0000000100000000)
  region size 1024K, 20 young (20480K), 19 survivors (19456K)
 Metaspace       used 93945K, committed 94848K, reserved 557056K
  class space    used 13129K, committed 13568K, reserved 425984K
}
Event: 218.777 GC heap after
{Heap after GC invocations=55 (full 0):
 garbage-first heap   total 342016K, used 123285K [0x0000000080000000, 0x0000000100000000)
  region size 1024K, 2 young (2048K), 2 survivors (2048K)
 Metaspace       used 93945K, committed 94848K, reserved 557056K
  class space    used 13129K, committed 13568K, reserved 425984K
}
Event: 221.640 GC heap before
{Heap before GC invocations=55 (full 0):
 garbage-first heap   total 342016K, used 263573K [0x0000000080000000, 0x0000000100000000)
  region size 1024K, 132 young (135168K), 2 survivors (2048K)
 Metaspace       used 96848K, committed 97984K, reserved 557056K
  class space    used 13558K, committed 14080K, reserved 425984K
}
Event: 221.659 GC heap after
{Heap after GC invocations=56 (full 0):
 garbage-first heap   total 342016K, used 156977K [0x0000000080000000, 0x0000000100000000)
  region size 1024K, 17 young (17408K), 17 survivors (17408K)
 Metaspace       used 96848K, committed 97984K, reserved 557056K
  class space    used 13558K, committed 14080K, reserved 425984K
}
Event: 223.505 GC heap before
{Heap before GC invocations=56 (full 0):
 garbage-first heap   total 342016K, used 259377K [0x0000000080000000, 0x0000000100000000)
  region size 1024K, 117 young (119808K), 17 survivors (17408K)
 Metaspace       used 102275K, committed 103424K, reserved 557056K
  class space    used 14310K, committed 14848K, reserved 425984K
}
Event: 223.521 GC heap after
{Heap after GC invocations=57 (full 0):
 garbage-first heap   total 342016K, used 163785K [0x0000000080000000, 0x0000000100000000)
  region size 1024K, 7 young (7168K), 7 survivors (7168K)
 Metaspace       used 102275K, committed 103424K, reserved 557056K
  class space    used 14310K, committed 14848K, reserved 425984K
}
Event: 224.675 GC heap before
{Heap before GC invocations=57 (full 0):
 garbage-first heap   total 342016K, used 267209K [0x0000000080000000, 0x0000000100000000)
  region size 1024K, 107 young (109568K), 7 survivors (7168K)
 Metaspace       used 102775K, committed 103936K, reserved 557056K
  class space    used 14356K, committed 14848K, reserved 425984K
}
Event: 224.696 GC heap after
{Heap after GC invocations=58 (full 0):
 garbage-first heap   total 342016K, used 181248K [0x0000000080000000, 0x0000000100000000)
  region size 1024K, 14 young (14336K), 14 survivors (14336K)
 Metaspace       used 102775K, committed 103936K, reserved 557056K
  class space    used 14356K, committed 14848K, reserved 425984K
}
Event: 226.549 GC heap before
{Heap before GC invocations=58 (full 0):
 garbage-first heap   total 342016K, used 270336K [0x0000000080000000, 0x0000000100000000)
  region size 1024K, 100 young (102400K), 14 survivors (14336K)
 Metaspace       used 105590K, committed 106816K, reserved 557056K
  class space    used 14791K, committed 15296K, reserved 425984K
}
Event: 226.575 GC heap after
{Heap after GC invocations=59 (full 0):
 garbage-first heap   total 342016K, used 196608K [0x0000000080000000, 0x0000000100000000)
  region size 1024K, 13 young (13312K), 13 survivors (13312K)
 Metaspace       used 105590K, committed 106816K, reserved 557056K
  class space    used 14791K, committed 15296K, reserved 425984K
}
Event: 228.143 GC heap before
{Heap before GC invocations=59 (full 0):
 garbage-first heap   total 342016K, used 273408K [0x0000000080000000, 0x0000000100000000)
  region size 1024K, 88 young (90112K), 13 survivors (13312K)
 Metaspace       used 108161K, committed 109440K, reserved 557056K
  class space    used 15090K, committed 15680K, reserved 425984K
}
Event: 228.167 GC heap after
{Heap after GC invocations=60 (full 0):
 garbage-first heap   total 342016K, used 208532K [0x0000000080000000, 0x0000000100000000)
  region size 1024K, 11 young (11264K), 11 survivors (11264K)
 Metaspace       used 108161K, committed 109440K, reserved 557056K
  class space    used 15090K, committed 15680K, reserved 425984K
}
Event: 228.966 GC heap before
{Heap before GC invocations=60 (full 0):
 garbage-first heap   total 342016K, used 276116K [0x0000000080000000, 0x0000000100000000)
  region size 1024K, 77 young (78848K), 11 survivors (11264K)
 Metaspace       used 108537K, committed 109824K, reserved 557056K
  class space    used 15118K, committed 15680K, reserved 425984K
}
Event: 228.991 GC heap after
{Heap after GC invocations=61 (full 0):
 garbage-first heap   total 342016K, used 215835K [0x0000000080000000, 0x0000000100000000)
  region size 1024K, 8 young (8192K), 8 survivors (8192K)
 Metaspace       used 108537K, committed 109824K, reserved 557056K
  class space    used 15118K, committed 15680K, reserved 425984K
}
Event: 229.945 GC heap before
{Heap before GC invocations=61 (full 0):
 garbage-first heap   total 342016K, used 279323K [0x0000000080000000, 0x0000000100000000)
  region size 1024K, 71 young (72704K), 8 survivors (8192K)
 Metaspace       used 109593K, committed 110912K, reserved 557056K
  class space    used 15297K, committed 15872K, reserved 425984K
}
Event: 229.964 GC heap after
{Heap after GC invocations=62 (full 0):
 garbage-first heap   total 342016K, used 220862K [0x0000000080000000, 0x0000000100000000)
  region size 1024K, 6 young (6144K), 6 survivors (6144K)
 Metaspace       used 109593K, committed 110912K, reserved 557056K
  class space    used 15297K, committed 15872K, reserved 425984K
}
Event: 231.826 GC heap before
{Heap before GC invocations=62 (full 0):
 garbage-first heap   total 342016K, used 282302K [0x0000000080000000, 0x0000000100000000)
  region size 1024K, 67 young (68608K), 6 survivors (6144K)
 Metaspace       used 109976K, committed 111296K, reserved 557056K
  class space    used 15349K, committed 15936K, reserved 425984K
}
Event: 231.840 GC heap after
{Heap after GC invocations=63 (full 0):
 garbage-first heap   total 342016K, used 227330K [0x0000000080000000, 0x0000000100000000)
  region size 1024K, 7 young (7168K), 7 survivors (7168K)
 Metaspace       used 109976K, committed 111296K, reserved 557056K
  class space    used 15349K, committed 15936K, reserved 425984K
}

